1620466521.780872 client started (85791): version 3.0a, socket /tmp//tmux-501/default, protocol 8
1620466521.780966 on Darwin 19.6.0 Darwin Kernel Version 19.6.0: Thu Jun 18 20:49:00 PDT 2020; root:xnu-6153.141.1~1/RELEASE_X86_64; libevent 2.1.11-stable (select)
1620466521.781052 socket is /tmp//tmux-501/default
1620466521.781097 trying connect
1620466521.781241 add peer 0x7f8ee5531000: 6 (0x0)
1620466521.784747 sending message 100 to peer 0x7f8ee5531000 (4 bytes)
1620466521.784803 sending message 101 to peer 0x7f8ee5531000 (16 bytes)
1620466521.784827 sending message 102 to peer 0x7f8ee5531000 (13 bytes)
1620466521.784846 sending message 108 to peer 0x7f8ee5531000 (57 bytes)
1620466521.784876 sending message 104 to peer 0x7f8ee5531000 (0 bytes)
1620466521.784893 sending message 107 to peer 0x7f8ee5531000 (4 bytes)
1620466521.784910 sending message 105 to peer 0x7f8ee5531000 (75 bytes)
1620466521.784925 sending message 105 to peer 0x7f8ee5531000 (19 bytes)
1620466521.784943 sending message 105 to peer 0x7f8ee5531000 (17 bytes)
1620466521.784961 sending message 105 to peer 0x7f8ee5531000 (15 bytes)
1620466521.784979 sending message 105 to peer 0x7f8ee5531000 (104 bytes)
1620466521.784997 sending message 105 to peer 0x7f8ee5531000 (61 bytes)
1620466521.785015 sending message 105 to peer 0x7f8ee5531000 (16 bytes)
1620466521.785032 sending message 105 to peer 0x7f8ee5531000 (8 bytes)
1620466521.785051 sending message 105 to peer 0x7f8ee5531000 (66 bytes)
1620466521.785070 sending message 105 to peer 0x7f8ee5531000 (21 bytes)
1620466521.785085 sending message 105 to peer 0x7f8ee5531000 (28 bytes)
1620466521.785102 sending message 105 to peer 0x7f8ee5531000 (25 bytes)
1620466521.785117 sending message 105 to peer 0x7f8ee5531000 (53 bytes)
1620466521.785136 sending message 105 to peer 0x7f8ee5531000 (57 bytes)
1620466521.785152 sending message 105 to peer 0x7f8ee5531000 (35 bytes)
1620466521.785167 sending message 105 to peer 0x7f8ee5531000 (14 bytes)
1620466521.785181 sending message 105 to peer 0x7f8ee5531000 (54 bytes)
1620466521.785201 sending message 105 to peer 0x7f8ee5531000 (12 bytes)
1620466521.785217 sending message 105 to peer 0x7f8ee5531000 (14 bytes)
1620466521.785233 sending message 105 to peer 0x7f8ee5531000 (19 bytes)
1620466521.785249 sending message 106 to peer 0x7f8ee5531000 (0 bytes)
1620466521.785270 sending message 200 to peer 0x7f8ee5531000 (4 bytes)
1620466521.785288 client loop enter
1620466521.815290 peer 0x7f8ee5531000 message 211
1620466521.815338 client_write: sessions should be nested with care, unset $TMUX to force\n
1620466521.815485 peer 0x7f8ee5531000 message 203
1620466521.815513 client loop exit
